<?xml version="1.0" encoding="UTF-8"?>
<!-- Generated by org.testng.reporters.JUnitXMLReporter -->
<testsuite ignored="2" hostname="DESKTOP-UOSJI6I" failures="0" tests="5" name="Default test" time="8.038" errors="0" timestamp="2022-07-05T14:23:49 IST">
  <testcase classname="com.testcases.LoginPageTest" name="loginActivityTest" time="0.817"/>
  <testcase classname="com.testcases.HomePageTest" name="addingItemsTest" time="0.35"/>
  <testcase classname="com.testcases.HomePageTest" name="buyingProductTest" time="5.394"/>
  <testcase classname="com.testcases.HomePageTest" name="dropDownTest" time="1.053"/>
  <testcase classname="com.testcases.HomePageTest" name="loggingoutFromWebsiteTest" time="0.138"/>
  <testcase classname="com.base.TestBase" name="@AfterSuite browserClose" time="0.0">
    <ignored/>
  </testcase> <!-- @AfterSuite browserClose -->
  <testcase classname="com.base.TestBase" name="@BeforeSuite browserSetup" time="0.0">
    <ignored/>
  </testcase> <!-- @BeforeSuite browserSetup -->
</testsuite> <!-- Default test -->
