<?xml version="1.0" encoding="UTF-8"?>
<!-- Generated by org.testng.reporters.JUnitXMLReporter -->
<testsuite hostname="DESKTOP-UOSJI6I" ignored="2" name="Default test" tests="5" failures="0" timestamp="2021-08-24T16:54:58 IST" time="7.348" errors="0">
  <testcase name="loginActivityTest" time="0.739" classname="com.testcases.LoginPageTest"/>
  <testcase name="addingItemsTest" time="0.578" classname="com.testcases.HomePageTest"/>
  <testcase name="buyingProductTest" time="5.005" classname="com.testcases.HomePageTest"/>
  <testcase name="dropDownTest" time="0.76" classname="com.testcases.HomePageTest"/>
  <testcase name="loggingoutFromWebsiteTest" time="0.189" classname="com.testcases.HomePageTest"/>
  <testcase name="@AfterSuite browserClose" time="0.0" classname="com.base.TestBase">
    <ignored/>
  </testcase> <!-- @AfterSuite browserClose -->
  <testcase name="@BeforeSuite browserSetup" time="0.0" classname="com.base.TestBase">
    <ignored/>
  </testcase> <!-- @BeforeSuite browserSetup -->
</testsuite> <!-- Default test -->
