<?xml version="1.0" encoding="UTF-8"?>
<!-- Generated by org.testng.reporters.JUnitXMLReporter -->
<testsuite ignored="2" hostname="DESKTOP-UOSJI6I" failures="0" tests="5" name="Test" time="8.626" errors="0" timestamp="2022-02-22T20:42:35 IST">
  <testcase classname="com.testcases.LoginPageTest" name="loginActivityTest" time="1.119"/>
  <testcase classname="com.testcases.HomePageTest" name="addingItemsTest" time="0.343"/>
  <testcase classname="com.testcases.HomePageTest" name="buyingProductTest" time="6.029"/>
  <testcase classname="com.testcases.HomePageTest" name="dropDownTest" time="0.773"/>
  <testcase classname="com.testcases.HomePageTest" name="loggingoutFromWebsiteTest" time="0.24"/>
  <testcase classname="com.base.TestBase" name="@AfterSuite browserClose" time="0.0">
    <ignored/>
  </testcase> <!-- @AfterSuite browserClose -->
  <testcase classname="com.base.TestBase" name="@BeforeSuite browserSetup" time="0.0">
    <ignored/>
  </testcase> <!-- @BeforeSuite browserSetup -->
</testsuite> <!-- Test -->
