<?xml version="1.0" encoding="UTF-8"?>
<!-- Generated by org.testng.reporters.JUnitXMLReporter -->
<testsuite hostname="DESKTOP-UOSJI6I" ignored="2" name="Test" tests="5" failures="0" timestamp="2021-08-23T18:33:28 IST" time="7.239" errors="0">
  <testcase name="loginActivityTest" time="0.512" classname="com.testcases.LoginPageTest"/>
  <testcase name="addingItemsTest" time="0.435" classname="com.testcases.HomePageTest"/>
  <testcase name="buyingProductTest" time="5.081" classname="com.testcases.HomePageTest"/>
  <testcase name="dropDownTest" time="0.805" classname="com.testcases.HomePageTest"/>
  <testcase name="loggingoutFromWebsiteTest" time="0.337" classname="com.testcases.HomePageTest"/>
  <testcase name="@AfterSuite browserClose" time="0.0" classname="com.base.TestBase">
    <ignored/>
  </testcase> <!-- @AfterSuite browserClose -->
  <testcase name="@BeforeSuite browserSetup" time="0.0" classname="com.base.TestBase">
    <ignored/>
  </testcase> <!-- @BeforeSuite browserSetup -->
</testsuite> <!-- Test -->
