<?xml version="1.0" encoding="UTF-8"?>
<testng-results ignored="2" total="7" passed="5" failed="0" skipped="0">
  <reporter-output>
  </reporter-output>
  <suite started-at="2022-07-05T14:23:41 IST" name="Default suite" finished-at="2022-07-05T14:23:49 IST" duration-ms="8038">
    <groups>
      <group name="LoginPage">
        <method signature="LoginPageTest.loginActivityTest()[pri:0, instance:com.testcases.LoginPageTest@64aad6db]" name="loginActivityTest" class="com.testcases.LoginPageTest"/>
      </group> <!-- LoginPage -->
    </groups>
    <test started-at="2022-07-05T14:23:41 IST" name="Default test" finished-at="2022-07-05T14:23:49 IST" duration-ms="8038">
      <class name="com.testcases.LoginPageTest">
        <test-method is-config="true" signature="browserSetup()[pri:0, instance:com.testcases.LoginPageTest@64aad6db]" started-at="2022-07-05T14:23:18 IST" name="browserSetup" finished-at="2022-07-05T14:23:41 IST" duration-ms="22716" status="PASS">
          <reporter-output>
          </reporter-output>
        </test-method> <!-- browserSetup -->
        <test-method signature="loginActivityTest()[pri:0, instance:com.testcases.LoginPageTest@64aad6db]" started-at="2022-07-05T14:23:41 IST" name="loginActivityTest" finished-at="2022-07-05T14:23:42 IST" duration-ms="817" status="PASS">
          <reporter-output>
          </reporter-output>
        </test-method> <!-- loginActivityTest -->
        <test-method is-config="true" signature="browserClose()[pri:0, instance:com.testcases.LoginPageTest@64aad6db]" started-at="2022-07-05T14:23:49 IST" name="browserClose" finished-at="2022-07-05T14:23:50 IST" duration-ms="857" status="PASS">
          <reporter-output>
          </reporter-output>
        </test-method> <!-- browserClose -->
      </class> <!-- com.testcases.LoginPageTest -->
      <class name="com.testcases.HomePageTest">
        <test-method signature="addingItemsTest()[pri:0, instance:com.testcases.HomePageTest@40368a46]" started-at="2022-07-05T14:23:42 IST" name="addingItemsTest" depends-on-groups="LoginPage" finished-at="2022-07-05T14:23:42 IST" duration-ms="350" status="PASS">
          <reporter-output>
          </reporter-output>
        </test-method> <!-- addingItemsTest -->
        <test-method signature="buyingProductTest()[pri:0, instance:com.testcases.HomePageTest@40368a46]" started-at="2022-07-05T14:23:42 IST" name="buyingProductTest" finished-at="2022-07-05T14:23:48 IST" depends-on-methods="com.testcases.HomePageTest.addingItemsTest" duration-ms="5394" status="PASS">
          <reporter-output>
          </reporter-output>
        </test-method> <!-- buyingProductTest -->
        <test-method signature="dropDownTest()[pri:0, instance:com.testcases.HomePageTest@40368a46]" started-at="2022-07-05T14:23:48 IST" name="dropDownTest" finished-at="2022-07-05T14:23:49 IST" depends-on-methods="com.testcases.HomePageTest.buyingProductTest" duration-ms="1053" status="PASS">
          <reporter-output>
          </reporter-output>
        </test-method> <!-- dropDownTest -->
        <test-method signature="loggingoutFromWebsiteTest()[pri:0, instance:com.testcases.HomePageTest@40368a46]" started-at="2022-07-05T14:23:49 IST" name="loggingoutFromWebsiteTest" finished-at="2022-07-05T14:23:49 IST" depends-on-methods="com.testcases.HomePageTest.dropDownTest" duration-ms="138" status="PASS">
          <reporter-output>
          </reporter-output>
        </test-method> <!-- loggingoutFromWebsiteTest -->
      </class> <!-- com.testcases.HomePageTest -->
    </test> <!-- Default test -->
  </suite> <!-- Default suite -->
</testng-results>
